[19:50:13] [Server thread/INFO]: Starting minecraft server version 1.15.2
[19:50:13] [Server thread/INFO]: Loading properties
[19:50:13] [Server thread/INFO]: Default game type: ADVENTURE
[19:50:13] [Server thread/INFO]: Generating keypair
[19:50:13] [Server thread/INFO]: Starting Minecraft server on *:25565
[19:50:13] [Server thread/INFO]: Using epoll channel type
[19:50:14] [Server thread/INFO]: This server is running CraftBukkit version git-Bukkit-8160e29 (MC: 1.15.2) (Implementing API version 1.15.2-R0.1-SNAPSHOT)
[19:50:19] [Server thread/INFO]: [WorldEdit] Loading WorldEdit v7.1.0;8e55131
[19:50:20] [Server thread/INFO]: Got request to register class com.sk89q.worldedit.bukkit.BukkitServerInterface with WorldEdit [com.sk89q.worldedit.extension.platform.PlatformManager@b5da5e9]
[19:50:20] [Server thread/INFO]: [UberEnchant] Loading UberEnchant v8.9.1
[19:50:20] [Server thread/INFO]: [Vault] Loading Vault v1.7.2-b107
[19:50:20] [Server thread/INFO]: [WorldEdit] Enabling WorldEdit v7.1.0;8e55131
[19:50:20] [Server thread/INFO]: WEPIF: Using the Bukkit Permissions API.
[19:50:21] [Server thread/INFO]: Using com.sk89q.worldedit.bukkit.adapter.impl.Spigot_v1_15_R2 as the Bukkit adapter
[19:50:23] [Server thread/WARN]: [WorldEdit] ====================================================
[19:50:23] [Server thread/WARN]: [WorldEdit]  WorldEdit works better if you use Paper 
[19:50:23] [Server thread/WARN]: [WorldEdit]  as your server software. 
[19:50:23] [Server thread/WARN]: [WorldEdit]   
[19:50:23] [Server thread/WARN]: [WorldEdit]  Paper offers significant performance improvements,
[19:50:23] [Server thread/WARN]: [WorldEdit]  bug fixes, security enhancements and optional
[19:50:23] [Server thread/WARN]: [WorldEdit]  features for server owners to enhance their server.
[19:50:23] [Server thread/WARN]: [WorldEdit]   
[19:50:23] [Server thread/WARN]: [WorldEdit]  Paper includes Timings v2, which is significantly
[19:50:23] [Server thread/WARN]: [WorldEdit]  better at diagnosing lag problems over v1.
[19:50:23] [Server thread/WARN]: [WorldEdit]   
[19:50:23] [Server thread/WARN]: [WorldEdit]  All of your plugins should still work, and the
[19:50:23] [Server thread/WARN]: [WorldEdit]  Paper community will gladly help you fix any issues.
[19:50:23] [Server thread/WARN]: [WorldEdit]   
[19:50:23] [Server thread/WARN]: [WorldEdit]  Join the Paper Community @ https://papermc.io
[19:50:23] [Server thread/WARN]: [WorldEdit] ====================================================
[19:50:23] [Server thread/INFO]: [Vault] Enabling Vault v1.7.2-b107
[19:50:23] [Server thread/INFO]: [Vault] [Permission] SuperPermissions loaded as backup permission system.
[19:50:23] [Server thread/INFO]: [Vault] Enabled Version 1.7.2-b107
[19:50:23] [Server thread/INFO]: WEPIF: Vault detected! Using Vault for permissions
[19:50:23] [Server thread/INFO]: Preparing level "world"
[19:50:23] [Server thread/INFO]: Reloading ResourceManager: Default, bukkit, mctools
[19:50:24] [Server thread/INFO]: Loaded 6 recipes
[19:50:44] [Server thread/INFO]: Registering commands with com.sk89q.worldedit.bukkit.BukkitServerInterface
[19:50:44] [Server thread/INFO]: Preparing start region for dimension 'world'/minecraft:overworld
[19:50:45] [Server thread/INFO]: Preparing spawn area: 0%
[19:50:45] [Server thread/INFO]: Preparing spawn area: 0%
[19:50:45] [Server thread/INFO]: Preparing spawn area: 100%
[19:50:45] [Server thread/INFO]: Time elapsed: 1144 ms
[19:50:45] [Server thread/INFO]: Preparing start region for dimension 'world_nether'/minecraft:the_nether
[19:50:46] [Server thread/INFO]: Preparing spawn area: 0%
[19:50:46] [Server thread/INFO]: Preparing spawn area: 0%
[19:50:46] [Server-Worker-1/INFO]: Preparing spawn area: 98%
[19:50:47] [Server thread/INFO]: Time elapsed: 1382 ms
[19:50:47] [Server thread/INFO]: Preparing start region for dimension 'world_the_end'/minecraft:the_end
[19:50:47] [Server thread/INFO]: Preparing spawn area: 0%
[19:50:47] [Server thread/INFO]: Preparing spawn area: 0%
[19:50:47] [Server thread/INFO]: Time elapsed: 586 ms
[19:50:47] [Server thread/INFO]: [UberEnchant] Enabling UberEnchant v8.9.1
[19:50:47] [Server thread/WARN]: [UberEnchant] Vault/Economy plugin not found, commands will work only for those with permissions!
[19:50:47] [Server thread/INFO]: Server permissions file permissions.yml is empty, ignoring it
[19:50:47] [Server thread/INFO]: Done (24.466s)! For help, type "help"
[19:50:47] [Craft Scheduler Thread - 0/INFO]: [Vault] Checking for Updates ... 
[19:50:48] [Server thread/INFO]: [@: Set the time to 6000]
[19:50:48] [Craft Scheduler Thread - 0/INFO]: [Vault] No new version available
[19:51:05] [Server thread/INFO]: [@: Set the time to 6000]
[19:51:22] [Server thread/INFO]: [@: Set the time to 6000]
[19:51:39] [Server thread/INFO]: [@: Set the time to 6000]
[19:51:55] [Server thread/INFO]: [@: Set the time to 6000]
[19:52:12] [Server thread/INFO]: [@: Set the time to 6000]
[19:52:29] [Server thread/INFO]: [@: Set the time to 6000]
[19:52:46] [Server thread/INFO]: [@: Set the time to 6000]
[19:53:03] [Server thread/INFO]: [@: Set the time to 6000]
[19:53:19] [Server thread/INFO]: [@: Set the time to 6000]
[19:53:36] [Server thread/INFO]: [@: Set the time to 6000]
[19:53:53] [Server thread/INFO]: [@: Set the time to 6000]
[19:54:10] [Server thread/INFO]: [@: Set the time to 6000]
[19:54:27] [Server thread/INFO]: [@: Set the time to 6000]
[19:54:43] [Server thread/INFO]: [@: Set the time to 6000]
[19:55:00] [Server thread/INFO]: [@: Set the time to 6000]
[19:55:17] [Server thread/INFO]: [@: Set the time to 6000]
[19:55:34] [Server thread/INFO]: [@: Set the time to 6000]
[19:55:51] [Server thread/INFO]: [@: Set the time to 6000]
[19:56:07] [Server thread/INFO]: [@: Set the time to 6000]
[19:56:24] [Server thread/INFO]: [@: Set the time to 6000]
[19:56:41] [Server thread/INFO]: [@: Set the time to 6000]
[19:56:58] [Server thread/INFO]: [@: Set the time to 6000]
[19:57:15] [Server thread/INFO]: [@: Set the time to 6000]
[19:57:31] [Server thread/INFO]: [@: Set the time to 6000]
[19:57:48] [Server thread/INFO]: [@: Set the time to 6000]
[19:58:05] [Server thread/INFO]: [@: Set the time to 6000]
[19:58:22] [Server thread/INFO]: [@: Set the time to 6000]
[19:58:39] [Server thread/INFO]: [@: Set the time to 6000]
[19:58:55] [Server thread/INFO]: [@: Set the time to 6000]
[19:59:12] [Server thread/INFO]: [@: Set the time to 6000]
[19:59:29] [Server thread/INFO]: [@: Set the time to 6000]
[19:59:46] [Server thread/INFO]: [@: Set the time to 6000]
[20:00:03] [Server thread/INFO]: [@: Set the time to 6000]
[20:00:19] [Server thread/INFO]: [@: Set the time to 6000]
[20:00:36] [Server thread/INFO]: [@: Set the time to 6000]
[20:00:53] [Server thread/INFO]: [@: Set the time to 6000]
[20:01:10] [Server thread/INFO]: [@: Set the time to 6000]
[20:01:27] [Server thread/INFO]: [@: Set the time to 6000]
[20:01:43] [Server thread/INFO]: [@: Set the time to 6000]
[20:02:00] [Server thread/INFO]: [@: Set the time to 6000]
[20:02:17] [Server thread/INFO]: [@: Set the time to 6000]
[20:02:34] [Server thread/INFO]: [@: Set the time to 6000]
[20:02:51] [Server thread/INFO]: [@: Set the time to 6000]
[20:03:07] [Server thread/INFO]: [@: Set the time to 6000]
[20:03:24] [Server thread/INFO]: [@: Set the time to 6000]
[20:03:41] [Server thread/INFO]: [@: Set the time to 6000]
[20:03:58] [Server thread/INFO]: [@: Set the time to 6000]
[20:04:15] [Server thread/INFO]: [@: Set the time to 6000]
[20:04:31] [Server thread/INFO]: [@: Set the time to 6000]
[20:04:48] [Server thread/INFO]: [@: Set the time to 6000]
[20:05:05] [Server thread/INFO]: [@: Set the time to 6000]
[20:05:22] [Server thread/INFO]: [@: Set the time to 6000]
[20:05:39] [Server thread/INFO]: [@: Set the time to 6000]
[20:05:55] [Server thread/INFO]: [@: Set the time to 6000]
[20:06:12] [Server thread/INFO]: [@: Set the time to 6000]
[20:06:29] [Server thread/INFO]: [@: Set the time to 6000]
[20:06:46] [Server thread/INFO]: [@: Set the time to 6000]
[20:07:03] [Server thread/INFO]: [@: Set the time to 6000]
[20:07:19] [Server thread/INFO]: [@: Set the time to 6000]
[20:07:36] [Server thread/INFO]: [@: Set the time to 6000]
[20:07:53] [Server thread/INFO]: [@: Set the time to 6000]
[20:08:10] [Server thread/INFO]: [@: Set the time to 6000]
[20:08:27] [Server thread/INFO]: [@: Set the time to 6000]
[20:08:43] [Server thread/INFO]: [@: Set the time to 6000]
[20:09:00] [Server thread/INFO]: [@: Set the time to 6000]
[20:09:17] [Server thread/INFO]: [@: Set the time to 6000]
[20:09:34] [Server thread/INFO]: [@: Set the time to 6000]
[20:09:51] [Server thread/INFO]: [@: Set the time to 6000]
[20:10:07] [Server thread/INFO]: [@: Set the time to 6000]
[20:10:24] [Server thread/INFO]: [@: Set the time to 6000]
[20:10:41] [Server thread/INFO]: [@: Set the time to 6000]
[20:10:58] [Server thread/INFO]: [@: Set the time to 6000]
[20:11:15] [Server thread/INFO]: [@: Set the time to 6000]
[20:11:31] [Server thread/INFO]: [@: Set the time to 6000]
[20:11:48] [Server thread/INFO]: [@: Set the time to 6000]
[20:12:05] [Server thread/INFO]: [@: Set the time to 6000]
[20:12:22] [Server thread/INFO]: [@: Set the time to 6000]
[20:12:39] [Server thread/INFO]: [@: Set the time to 6000]
[20:12:55] [Server thread/INFO]: [@: Set the time to 6000]
[20:13:12] [Server thread/INFO]: [@: Set the time to 6000]
[20:13:29] [Server thread/INFO]: [@: Set the time to 6000]
[20:13:46] [Server thread/INFO]: [@: Set the time to 6000]
[20:14:03] [Server thread/INFO]: [@: Set the time to 6000]
[20:14:19] [Server thread/INFO]: [@: Set the time to 6000]
[20:14:36] [Server thread/INFO]: [@: Set the time to 6000]
[20:14:53] [Server thread/INFO]: [@: Set the time to 6000]
[20:15:10] [Server thread/INFO]: [@: Set the time to 6000]
[20:15:27] [Server thread/INFO]: [@: Set the time to 6000]
[20:15:43] [Server thread/INFO]: [@: Set the time to 6000]
[20:16:00] [Server thread/INFO]: [@: Set the time to 6000]
[20:16:17] [Server thread/INFO]: [@: Set the time to 6000]
[20:16:34] [Server thread/INFO]: [@: Set the time to 6000]
[20:16:51] [Server thread/INFO]: [@: Set the time to 6000]
[20:17:07] [Server thread/INFO]: [@: Set the time to 6000]
[20:17:24] [Server thread/INFO]: [@: Set the time to 6000]
[20:17:41] [Server thread/INFO]: [@: Set the time to 6000]
[20:17:58] [Server thread/INFO]: [@: Set the time to 6000]
[20:18:15] [Server thread/INFO]: [@: Set the time to 6000]
[20:18:31] [Server thread/INFO]: [@: Set the time to 6000]
[20:18:48] [Server thread/INFO]: [@: Set the time to 6000]
[20:19:05] [Server thread/INFO]: [@: Set the time to 6000]
[20:19:22] [Server thread/INFO]: [@: Set the time to 6000]
[20:19:39] [Server thread/INFO]: [@: Set the time to 6000]
[20:19:55] [Server thread/INFO]: [@: Set the time to 6000]
[20:20:12] [Server thread/INFO]: [@: Set the time to 6000]
[20:20:29] [Server thread/INFO]: [@: Set the time to 6000]
[20:20:46] [Server thread/INFO]: [@: Set the time to 6000]
[20:21:03] [Server thread/INFO]: [@: Set the time to 6000]
[20:21:19] [Server thread/INFO]: [@: Set the time to 6000]
[20:21:36] [Server thread/INFO]: [@: Set the time to 6000]
[20:21:53] [Server thread/INFO]: [@: Set the time to 6000]
[20:22:10] [Server thread/INFO]: [@: Set the time to 6000]
[20:22:27] [Server thread/INFO]: [@: Set the time to 6000]
[20:22:43] [Server thread/INFO]: [@: Set the time to 6000]
[20:23:00] [Server thread/INFO]: [@: Set the time to 6000]
[20:23:17] [Server thread/INFO]: [@: Set the time to 6000]
[20:23:34] [Server thread/INFO]: [@: Set the time to 6000]
[20:23:51] [Server thread/INFO]: [@: Set the time to 6000]
[20:24:07] [Server thread/INFO]: [@: Set the time to 6000]
[20:24:24] [Server thread/INFO]: [@: Set the time to 6000]
[20:24:41] [Server thread/INFO]: [@: Set the time to 6000]
[20:24:58] [Server thread/INFO]: [@: Set the time to 6000]
[20:25:15] [Server thread/INFO]: [@: Set the time to 6000]
[20:25:31] [Server thread/INFO]: [@: Set the time to 6000]
[20:25:48] [Server thread/INFO]: [@: Set the time to 6000]
[20:26:05] [Server thread/INFO]: [@: Set the time to 6000]
[20:26:22] [Server thread/INFO]: [@: Set the time to 6000]
[20:26:39] [Server thread/INFO]: [@: Set the time to 6000]
[20:26:55] [Server thread/INFO]: [@: Set the time to 6000]
[20:27:12] [Server thread/INFO]: [@: Set the time to 6000]
[20:27:29] [Server thread/INFO]: [@: Set the time to 6000]
[20:27:46] [Server thread/INFO]: [@: Set the time to 6000]
[20:28:03] [Server thread/INFO]: [@: Set the time to 6000]
[20:28:19] [Server thread/INFO]: [@: Set the time to 6000]
[20:28:36] [Server thread/INFO]: [@: Set the time to 6000]
[20:28:53] [Server thread/INFO]: [@: Set the time to 6000]
[20:29:10] [Server thread/INFO]: [@: Set the time to 6000]
[20:29:27] [Server thread/INFO]: [@: Set the time to 6000]
[20:29:43] [Server thread/INFO]: [@: Set the time to 6000]
[20:30:00] [Server thread/INFO]: [@: Set the time to 6000]
[20:30:17] [Server thread/INFO]: [@: Set the time to 6000]
[20:30:34] [Server thread/INFO]: [@: Set the time to 6000]
[20:30:51] [Server thread/INFO]: [@: Set the time to 6000]
[20:31:07] [Server thread/INFO]: [@: Set the time to 6000]
[20:31:24] [Server thread/INFO]: [@: Set the time to 6000]
[20:31:41] [Server thread/INFO]: [@: Set the time to 6000]
[20:31:58] [Server thread/INFO]: [@: Set the time to 6000]
[20:32:15] [Server thread/INFO]: [@: Set the time to 6000]
[20:32:31] [Server thread/INFO]: [@: Set the time to 6000]
[20:32:48] [Server thread/INFO]: [@: Set the time to 6000]
[20:33:05] [Server thread/INFO]: [@: Set the time to 6000]
[20:33:22] [Server thread/INFO]: [@: Set the time to 6000]
[20:33:39] [Server thread/INFO]: [@: Set the time to 6000]
[20:33:55] [Server thread/INFO]: [@: Set the time to 6000]
[20:34:12] [Server thread/INFO]: [@: Set the time to 6000]
[20:34:29] [Server thread/INFO]: [@: Set the time to 6000]
[20:34:46] [Server thread/INFO]: [@: Set the time to 6000]
[20:35:03] [Server thread/INFO]: [@: Set the time to 6000]
[20:35:19] [Server thread/INFO]: [@: Set the time to 6000]
[20:35:36] [Server thread/INFO]: [@: Set the time to 6000]
[20:35:53] [Server thread/INFO]: [@: Set the time to 6000]
[20:36:10] [Server thread/INFO]: [@: Set the time to 6000]
[20:36:27] [Server thread/INFO]: [@: Set the time to 6000]
[20:36:43] [Server thread/INFO]: [@: Set the time to 6000]
[20:37:00] [Server thread/INFO]: [@: Set the time to 6000]
[20:37:17] [Server thread/INFO]: [@: Set the time to 6000]
[20:37:34] [Server thread/INFO]: [@: Set the time to 6000]
[20:37:51] [Server thread/INFO]: [@: Set the time to 6000]
[20:38:07] [Server thread/INFO]: [@: Set the time to 6000]
[20:38:24] [Server thread/INFO]: [@: Set the time to 6000]
[20:38:41] [Server thread/INFO]: [@: Set the time to 6000]
[20:38:58] [Server thread/INFO]: [@: Set the time to 6000]
[20:39:15] [Server thread/INFO]: [@: Set the time to 6000]
[20:39:31] [Server thread/INFO]: [@: Set the time to 6000]
[20:39:48] [Server thread/INFO]: [@: Set the time to 6000]
[20:40:05] [Server thread/INFO]: [@: Set the time to 6000]
[20:40:22] [Server thread/INFO]: [@: Set the time to 6000]
[20:40:39] [Server thread/INFO]: [@: Set the time to 6000]
[20:40:55] [Server thread/INFO]: [@: Set the time to 6000]
[20:41:12] [Server thread/INFO]: [@: Set the time to 6000]
[20:41:29] [Server thread/INFO]: [@: Set the time to 6000]
[20:41:46] [Server thread/INFO]: [@: Set the time to 6000]
[20:42:03] [Server thread/INFO]: [@: Set the time to 6000]
[20:42:19] [Server thread/INFO]: [@: Set the time to 6000]
[20:42:36] [Server thread/INFO]: [@: Set the time to 6000]
[20:42:53] [Server thread/INFO]: [@: Set the time to 6000]
[20:43:10] [Server thread/INFO]: [@: Set the time to 6000]
[20:43:27] [Server thread/INFO]: [@: Set the time to 6000]
[20:43:43] [Server thread/INFO]: [@: Set the time to 6000]
[20:44:00] [Server thread/INFO]: [@: Set the time to 6000]
[20:44:17] [Server thread/INFO]: [@: Set the time to 6000]
[20:44:34] [Server thread/INFO]: [@: Set the time to 6000]
[20:44:51] [Server thread/INFO]: [@: Set the time to 6000]
[20:45:07] [Server thread/INFO]: [@: Set the time to 6000]
[20:45:24] [Server thread/INFO]: [@: Set the time to 6000]
[20:45:41] [Server thread/INFO]: [@: Set the time to 6000]
[20:45:58] [Server thread/INFO]: [@: Set the time to 6000]
[20:46:15] [Server thread/INFO]: [@: Set the time to 6000]
[20:46:31] [Server thread/INFO]: [@: Set the time to 6000]
[20:46:48] [Server thread/INFO]: [@: Set the time to 6000]
[20:47:05] [Server thread/INFO]: [@: Set the time to 6000]
[20:47:22] [Server thread/INFO]: [@: Set the time to 6000]
[20:47:39] [Server thread/INFO]: [@: Set the time to 6000]
[20:47:55] [Server thread/INFO]: [@: Set the time to 6000]
[20:48:12] [Server thread/INFO]: [@: Set the time to 6000]
[20:48:29] [Server thread/INFO]: [@: Set the time to 6000]
[20:48:46] [Server thread/INFO]: [@: Set the time to 6000]
[20:49:03] [Server thread/INFO]: [@: Set the time to 6000]
[20:49:19] [Server thread/INFO]: [@: Set the time to 6000]
[20:49:36] [Server thread/INFO]: [@: Set the time to 6000]
[20:49:53] [Server thread/INFO]: [@: Set the time to 6000]
[20:50:10] [Server thread/INFO]: [@: Set the time to 6000]
[20:50:27] [Server thread/INFO]: [@: Set the time to 6000]
[20:50:43] [Server thread/INFO]: [@: Set the time to 6000]
[20:51:00] [Server thread/INFO]: [@: Set the time to 6000]
[20:51:17] [Server thread/INFO]: [@: Set the time to 6000]
[20:51:34] [Server thread/INFO]: [@: Set the time to 6000]
[20:51:51] [Server thread/INFO]: [@: Set the time to 6000]
[20:52:07] [Server thread/INFO]: [@: Set the time to 6000]
[20:52:24] [Server thread/INFO]: [@: Set the time to 6000]
[20:52:41] [Server thread/INFO]: [@: Set the time to 6000]
[20:52:58] [Server thread/INFO]: [@: Set the time to 6000]
[20:53:15] [Server thread/INFO]: [@: Set the time to 6000]
[20:53:31] [Server thread/INFO]: [@: Set the time to 6000]
[20:53:48] [Server thread/INFO]: [@: Set the time to 6000]
[20:54:05] [Server thread/INFO]: [@: Set the time to 6000]
[20:54:22] [Server thread/INFO]: [@: Set the time to 6000]
[20:54:39] [Server thread/INFO]: [@: Set the time to 6000]
[20:54:55] [Server thread/INFO]: [@: Set the time to 6000]
[20:55:12] [Server thread/INFO]: [@: Set the time to 6000]
[20:55:29] [Server thread/INFO]: [@: Set the time to 6000]
[20:55:46] [Server thread/INFO]: [@: Set the time to 6000]
[20:56:03] [Server thread/INFO]: [@: Set the time to 6000]
[20:56:19] [Server thread/INFO]: [@: Set the time to 6000]
[20:56:36] [Server thread/INFO]: [@: Set the time to 6000]
[20:56:53] [Server thread/INFO]: [@: Set the time to 6000]
[20:57:10] [Server thread/INFO]: [@: Set the time to 6000]
[20:57:27] [Server thread/INFO]: [@: Set the time to 6000]
[20:57:43] [Server thread/INFO]: [@: Set the time to 6000]
[20:58:00] [Server thread/INFO]: [@: Set the time to 6000]
[20:58:17] [Server thread/INFO]: [@: Set the time to 6000]
[20:58:34] [Server thread/INFO]: [@: Set the time to 6000]
[20:58:51] [Server thread/INFO]: [@: Set the time to 6000]
[20:59:07] [Server thread/INFO]: [@: Set the time to 6000]
[20:59:24] [Server thread/INFO]: [@: Set the time to 6000]
[20:59:41] [Server thread/INFO]: [@: Set the time to 6000]
[20:59:58] [Server thread/INFO]: [@: Set the time to 6000]
[21:00:15] [Server thread/INFO]: [@: Set the time to 6000]
[21:00:31] [Server thread/INFO]: [@: Set the time to 6000]
[21:00:48] [Server thread/INFO]: [@: Set the time to 6000]
[21:01:05] [Server thread/INFO]: [@: Set the time to 6000]
[21:01:22] [Server thread/INFO]: [@: Set the time to 6000]
[21:01:39] [Server thread/INFO]: [@: Set the time to 6000]
[21:01:55] [Server thread/INFO]: [@: Set the time to 6000]
[21:02:12] [Server thread/INFO]: [@: Set the time to 6000]
[21:02:29] [Server thread/INFO]: [@: Set the time to 6000]
[21:02:46] [Server thread/INFO]: [@: Set the time to 6000]
[21:03:03] [Server thread/INFO]: [@: Set the time to 6000]
[21:03:19] [Server thread/INFO]: [@: Set the time to 6000]
[21:03:36] [Server thread/INFO]: [@: Set the time to 6000]
[21:03:53] [Server thread/INFO]: [@: Set the time to 6000]
[21:04:10] [Server thread/INFO]: [@: Set the time to 6000]
[21:04:27] [Server thread/INFO]: [@: Set the time to 6000]
[21:04:43] [Server thread/INFO]: [@: Set the time to 6000]
[21:05:00] [Server thread/INFO]: [@: Set the time to 6000]
[21:05:17] [Server thread/INFO]: [@: Set the time to 6000]
[21:05:34] [Server thread/INFO]: [@: Set the time to 6000]
[21:05:51] [Server thread/INFO]: [@: Set the time to 6000]
[21:06:07] [Server thread/INFO]: [@: Set the time to 6000]
[21:06:24] [Server thread/INFO]: [@: Set the time to 6000]
[21:06:41] [Server thread/INFO]: [@: Set the time to 6000]
[21:06:58] [Server thread/INFO]: [@: Set the time to 6000]
[21:07:15] [Server thread/INFO]: [@: Set the time to 6000]
[21:07:31] [Server thread/INFO]: [@: Set the time to 6000]
[21:07:48] [Server thread/INFO]: [@: Set the time to 6000]
[21:08:05] [Server thread/INFO]: [@: Set the time to 6000]
[21:08:22] [Server thread/INFO]: [@: Set the time to 6000]
[21:08:39] [Server thread/INFO]: [@: Set the time to 6000]
[21:08:55] [Server thread/INFO]: [@: Set the time to 6000]
[21:09:12] [Server thread/INFO]: [@: Set the time to 6000]
[21:09:29] [Server thread/INFO]: [@: Set the time to 6000]
[21:09:46] [Server thread/INFO]: [@: Set the time to 6000]
[21:10:03] [Server thread/INFO]: [@: Set the time to 6000]
[21:10:19] [Server thread/INFO]: [@: Set the time to 6000]
[21:10:36] [Server thread/INFO]: [@: Set the time to 6000]
[21:10:53] [Server thread/INFO]: [@: Set the time to 6000]
[21:11:10] [Server thread/INFO]: [@: Set the time to 6000]
[21:11:27] [Server thread/INFO]: [@: Set the time to 6000]
[21:11:43] [Server thread/INFO]: [@: Set the time to 6000]
[21:12:00] [Server thread/INFO]: [@: Set the time to 6000]
[21:12:17] [Server thread/INFO]: [@: Set the time to 6000]
[21:12:34] [Server thread/INFO]: [@: Set the time to 6000]
[21:12:51] [Server thread/INFO]: [@: Set the time to 6000]
[21:13:07] [Server thread/INFO]: [@: Set the time to 6000]
[21:13:24] [Server thread/INFO]: [@: Set the time to 6000]
[21:13:41] [Server thread/INFO]: [@: Set the time to 6000]
[21:13:58] [Server thread/INFO]: [@: Set the time to 6000]
[21:14:15] [Server thread/INFO]: [@: Set the time to 6000]
[21:14:31] [Server thread/INFO]: [@: Set the time to 6000]
[21:14:48] [Server thread/INFO]: [@: Set the time to 6000]
[21:15:05] [Server thread/INFO]: [@: Set the time to 6000]
[21:15:22] [Server thread/INFO]: [@: Set the time to 6000]
[21:15:39] [Server thread/INFO]: [@: Set the time to 6000]
[21:15:55] [Server thread/INFO]: [@: Set the time to 6000]
[21:16:12] [Server thread/INFO]: [@: Set the time to 6000]
[21:16:29] [Server thread/INFO]: [@: Set the time to 6000]
[21:16:46] [Server thread/INFO]: [@: Set the time to 6000]
[21:17:03] [Server thread/INFO]: [@: Set the time to 6000]
[21:17:19] [Server thread/INFO]: [@: Set the time to 6000]
[21:17:36] [Server thread/INFO]: [@: Set the time to 6000]
[21:17:53] [Server thread/INFO]: [@: Set the time to 6000]
[21:18:10] [Server thread/INFO]: [@: Set the time to 6000]
[21:18:27] [Server thread/INFO]: [@: Set the time to 6000]
[21:18:43] [Server thread/INFO]: [@: Set the time to 6000]
[21:19:00] [Server thread/INFO]: [@: Set the time to 6000]
[21:19:17] [Server thread/INFO]: [@: Set the time to 6000]
[21:19:34] [Server thread/INFO]: [@: Set the time to 6000]
[21:19:51] [Server thread/INFO]: [@: Set the time to 6000]
[21:20:07] [Server thread/INFO]: [@: Set the time to 6000]
[21:20:24] [Server thread/INFO]: [@: Set the time to 6000]
[21:20:41] [Server thread/INFO]: [@: Set the time to 6000]
[21:20:58] [Server thread/INFO]: [@: Set the time to 6000]
[21:21:15] [Server thread/INFO]: [@: Set the time to 6000]
[21:21:31] [Server thread/INFO]: [@: Set the time to 6000]
[21:21:48] [Server thread/INFO]: [@: Set the time to 6000]
[21:22:05] [Server thread/INFO]: [@: Set the time to 6000]
[21:22:22] [Server thread/INFO]: [@: Set the time to 6000]
[21:22:39] [Server thread/INFO]: [@: Set the time to 6000]
[21:22:55] [Server thread/INFO]: [@: Set the time to 6000]
[21:23:12] [Server thread/INFO]: [@: Set the time to 6000]
[21:23:29] [Server thread/INFO]: [@: Set the time to 6000]
[21:23:46] [Server thread/INFO]: [@: Set the time to 6000]
[21:24:03] [Server thread/INFO]: [@: Set the time to 6000]
[21:24:19] [Server thread/INFO]: [@: Set the time to 6000]
[21:24:36] [Server thread/INFO]: [@: Set the time to 6000]
[21:24:53] [Server thread/INFO]: [@: Set the time to 6000]
[21:25:10] [Server thread/INFO]: [@: Set the time to 6000]
[21:25:27] [Server thread/INFO]: [@: Set the time to 6000]
[21:25:43] [Server thread/INFO]: [@: Set the time to 6000]
[21:26:00] [Server thread/INFO]: [@: Set the time to 6000]
[21:26:17] [Server thread/INFO]: [@: Set the time to 6000]
[21:26:34] [Server thread/INFO]: [@: Set the time to 6000]
[21:26:51] [Server thread/INFO]: [@: Set the time to 6000]
[21:27:07] [Server thread/INFO]: [@: Set the time to 6000]
[21:27:24] [Server thread/INFO]: [@: Set the time to 6000]
[21:27:41] [Server thread/INFO]: [@: Set the time to 6000]
[21:27:58] [Server thread/INFO]: [@: Set the time to 6000]
[21:28:15] [Server thread/INFO]: [@: Set the time to 6000]
[21:28:31] [Server thread/INFO]: [@: Set the time to 6000]
[21:28:48] [Server thread/INFO]: [@: Set the time to 6000]
[21:29:05] [Server thread/INFO]: [@: Set the time to 6000]
[21:29:22] [Server thread/INFO]: [@: Set the time to 6000]
[21:29:39] [Server thread/INFO]: [@: Set the time to 6000]
[21:29:55] [Server thread/INFO]: [@: Set the time to 6000]
[21:30:12] [Server thread/INFO]: [@: Set the time to 6000]
[21:30:29] [Server thread/INFO]: [@: Set the time to 6000]
[21:30:46] [Server thread/INFO]: [@: Set the time to 6000]
[21:31:03] [Server thread/INFO]: [@: Set the time to 6000]
[21:31:19] [Server thread/INFO]: [@: Set the time to 6000]
[21:31:36] [Server thread/INFO]: [@: Set the time to 6000]
[21:31:53] [Server thread/INFO]: [@: Set the time to 6000]
[21:32:10] [Server thread/INFO]: [@: Set the time to 6000]
[21:32:27] [Server thread/INFO]: [@: Set the time to 6000]
[21:32:43] [Server thread/INFO]: [@: Set the time to 6000]
[21:33:00] [Server thread/INFO]: [@: Set the time to 6000]
[21:33:17] [Server thread/INFO]: [@: Set the time to 6000]
[21:33:34] [Server thread/INFO]: [@: Set the time to 6000]
[21:33:51] [Server thread/INFO]: [@: Set the time to 6000]
[21:34:07] [Server thread/INFO]: [@: Set the time to 6000]
[21:34:24] [Server thread/INFO]: [@: Set the time to 6000]
[21:34:41] [Server thread/INFO]: [@: Set the time to 6000]
[21:34:58] [Server thread/INFO]: [@: Set the time to 6000]
[21:35:15] [Server thread/INFO]: [@: Set the time to 6000]
[21:35:31] [Server thread/INFO]: [@: Set the time to 6000]
[21:35:48] [Server thread/INFO]: [@: Set the time to 6000]
[21:36:05] [Server thread/INFO]: [@: Set the time to 6000]
[21:36:22] [Server thread/INFO]: [@: Set the time to 6000]
[21:36:39] [Server thread/INFO]: [@: Set the time to 6000]
[21:36:55] [Server thread/INFO]: [@: Set the time to 6000]
[21:37:12] [Server thread/INFO]: [@: Set the time to 6000]
[21:37:29] [Server thread/INFO]: [@: Set the time to 6000]
[21:37:46] [Server thread/INFO]: [@: Set the time to 6000]
[21:38:03] [Server thread/INFO]: [@: Set the time to 6000]
[21:38:19] [Server thread/INFO]: [@: Set the time to 6000]
[21:38:36] [Server thread/INFO]: [@: Set the time to 6000]
[21:38:53] [Server thread/INFO]: [@: Set the time to 6000]
[21:39:10] [Server thread/INFO]: [@: Set the time to 6000]
[21:39:27] [Server thread/INFO]: [@: Set the time to 6000]
[21:39:43] [Server thread/INFO]: [@: Set the time to 6000]
[21:40:00] [Server thread/INFO]: [@: Set the time to 6000]
[21:40:17] [Server thread/INFO]: [@: Set the time to 6000]
[21:40:34] [Server thread/INFO]: [@: Set the time to 6000]
[21:40:51] [Server thread/INFO]: [@: Set the time to 6000]
[21:41:07] [Server thread/INFO]: [@: Set the time to 6000]
[21:41:24] [Server thread/INFO]: [@: Set the time to 6000]
[21:41:41] [Server thread/INFO]: [@: Set the time to 6000]
[21:41:58] [Server thread/INFO]: [@: Set the time to 6000]
[21:42:15] [Server thread/INFO]: [@: Set the time to 6000]
[21:42:31] [Server thread/INFO]: [@: Set the time to 6000]
[21:42:48] [Server thread/INFO]: [@: Set the time to 6000]
[21:43:05] [Server thread/INFO]: [@: Set the time to 6000]
[21:43:22] [Server thread/INFO]: [@: Set the time to 6000]
[21:43:39] [Server thread/INFO]: [@: Set the time to 6000]
[21:43:55] [Server thread/INFO]: [@: Set the time to 6000]
[21:44:12] [Server thread/INFO]: [@: Set the time to 6000]
[21:44:29] [Server thread/INFO]: [@: Set the time to 6000]
[21:44:46] [Server thread/INFO]: [@: Set the time to 6000]
[21:45:03] [Server thread/INFO]: [@: Set the time to 6000]
[21:45:19] [Server thread/INFO]: [@: Set the time to 6000]
[21:45:36] [Server thread/INFO]: [@: Set the time to 6000]
[21:45:53] [Server thread/INFO]: [@: Set the time to 6000]
[21:46:10] [Server thread/INFO]: [@: Set the time to 6000]
[21:46:27] [Server thread/INFO]: [@: Set the time to 6000]
[21:46:43] [Server thread/INFO]: [@: Set the time to 6000]
[21:47:00] [Server thread/INFO]: [@: Set the time to 6000]
[21:47:17] [Server thread/INFO]: [@: Set the time to 6000]
[21:47:34] [Server thread/INFO]: [@: Set the time to 6000]
[21:47:51] [Server thread/INFO]: [@: Set the time to 6000]
[21:48:07] [Server thread/INFO]: [@: Set the time to 6000]
[21:48:24] [Server thread/INFO]: [@: Set the time to 6000]
[21:48:34] [User Authenticator #1/INFO]: UUID of player Fisherswamp is 4b5cfac2-5de7-4a24-89ed-22991e86d077
[21:48:34] [Server thread/INFO]: Fisherswamp[/173.95.177.86:54893] logged in with entity id 4 at ([world]998.9641391621233, 56.0, 999.8195051121569)
[21:48:41] [Server thread/INFO]: [@: Set the time to 6000]
[21:48:58] [Server thread/INFO]: [@: Set the time to 6000]
[21:49:15] [Server thread/INFO]: [@: Set the time to 6000]
[21:49:22] [Server thread/INFO]: Fisherswamp issued server command: /tp Fisherswamp -2030 50 -2000
[21:49:22] [Server thread/INFO]: [Fisherswamp: Teleported Fisherswamp to -2029.5, 50.0, -1999.5]
[21:49:31] [Server thread/INFO]: [@: Set the time to 6000]
[21:49:48] [Server thread/INFO]: [@: Set the time to 6000]
[21:50:05] [Server thread/INFO]: [@: Set the time to 6000]
[21:50:22] [Server thread/INFO]: [@: Set the time to 6000]
[21:50:39] [Server thread/INFO]: [@: Set the time to 6000]
[21:50:55] [Server thread/INFO]: [@: Set the time to 6000]
[21:51:12] [Server thread/INFO]: [@: Set the time to 6000]
[21:51:29] [Server thread/INFO]: [@: Set the time to 6000]
[21:51:46] [Server thread/INFO]: [@: Set the time to 6000]
[21:52:03] [Server thread/INFO]: [@: Set the time to 6000]
[21:52:19] [Server thread/INFO]: [@: Set the time to 6000]
[21:52:36] [Server thread/INFO]: [@: Set the time to 6000]
[21:52:53] [Server thread/INFO]: [@: Set the time to 6000]
[21:53:10] [Server thread/INFO]: [@: Set the time to 6000]
[21:53:27] [Server thread/INFO]: [@: Set the time to 6000]
[21:53:43] [Server thread/INFO]: [@: Set the time to 6000]
[21:53:44] [User Authenticator #2/INFO]: UUID of player BACONWRAP is 095ed8e7-c12a-4520-bb9a-23b1e46c7ede
[21:53:44] [Server thread/INFO]: BACONWRAP[/98.26.57.181:62797] logged in with entity id 6 at ([world]1565.699999988079, 33.0, 1982.4061100740068)
[21:53:56] [Server thread/INFO]: BACONWRAP issued server command: /tp 1000 60 1000
[21:53:56] [Server thread/INFO]: [BACONWRAP: Teleported BACONWRAP to 1000.5, 60.0, 1000.5]
[21:54:00] [Server thread/INFO]: [@: Set the time to 6000]
[21:54:17] [Server thread/INFO]: [@: Set the time to 6000]
[21:54:24] [Server thread/INFO]: BACONWRAP issued server command: /schem load startGame
[21:54:24] [WorldEdit Task Executor - 0/INFO]: BACONWRAP loaded /home/Minecraft/Bukkit_Server/plugins/WorldEdit/schematics/startGame.schem
[21:54:29] [Server thread/INFO]: BACONWRAP issued server command: //paste
[21:54:34] [Server thread/INFO]: [@: Set the time to 6000]
[21:54:34] [Server thread/INFO]: BACONWRAP issued server command: //wand
[21:54:48] [Server thread/INFO]: BACONWRAP issued server command: //copy
[21:54:51] [Server thread/INFO]: [@: Set the time to 6000]
[21:54:54] [Server thread/INFO]: BACONWRAP issued server command: //paste
[21:55:01] [Server thread/INFO]: BACONWRAP issued server command: //undo
[21:55:02] [Server thread/INFO]: BACONWRAP issued server command: /
[21:55:05] [Server thread/INFO]: BACONWRAP issued server command: //rotate 90
[21:55:07] [Server thread/INFO]: [@: Set the time to 6000]
[21:55:08] [Server thread/INFO]: BACONWRAP issued server command: //paste
[21:55:24] [Server thread/INFO]: [@: Set the time to 6000]
[21:55:41] [Server thread/INFO]: [@: Set the time to 6000]
[21:55:50] [Server thread/INFO]: BACONWRAP issued server command: //paste
[21:55:58] [Server thread/INFO]: BACONWRAP issued server command: //paste
[21:55:58] [Server thread/INFO]: [@: Set the time to 6000]
[21:56:15] [Server thread/INFO]: [@: Set the time to 6000]
[21:56:31] [Server thread/INFO]: [@: Set the time to 6000]
[21:56:48] [Server thread/INFO]: [@: Set the time to 6000]
[21:57:00] [Server thread/INFO]: BACONWRAP issued server command: /scoreboard objectives list
[21:57:05] [Server thread/INFO]: [@: Set the time to 6000]
[21:57:14] [Server thread/INFO]: BACONWRAP issued server command: /scoreboard objectives remove Timer
[21:57:14] [Server thread/INFO]: [BACONWRAP: Removed objective [Timer]]
[21:57:22] [Server thread/INFO]: [@: Set the time to 6000]
[21:57:27] [Server thread/INFO]: BACONWRAP issued server command: /team empty blue
[21:57:27] [Server thread/INFO]: [BACONWRAP: Removed 1 members from team [Blue]]
[21:57:29] [Server thread/INFO]: BACONWRAP issued server command: /team empty red
[21:57:29] [Server thread/INFO]: [BACONWRAP: Removed 1 members from team [Red]]
[21:57:39] [Server thread/INFO]: [@: Set the time to 6000]
[21:57:55] [Server thread/INFO]: [@: Set the time to 6000]
[21:58:12] [Server thread/INFO]: [@: Set the time to 6000]
[21:58:29] [Server thread/INFO]: [@: Set the time to 6000]
[21:58:33] [Server thread/INFO]: [@: Added BACONWRAP to team [Red]]
[21:58:33] [Server thread/INFO]: [@: Successfully cloned 1 blocks]
[21:58:33] [Server thread/INFO]: [@: Set spawn point to -2019, 66, -2015 for BACONWRAP]
[21:58:38] [Server thread/INFO]: [@: Created new objective [Deaths]]
[21:58:38] [Server thread/INFO]: [@: Set display slot sidebar to show objective Deaths]
[21:58:38] [Server thread/INFO]: BACONWRAP fell out of the world
[21:58:38] [Server thread/INFO]: [@: Killed BACONWRAP]
[21:58:46] [Server thread/INFO]: [@: Set the time to 6000]
[21:59:03] [Server thread/INFO]: [@: Set the time to 6000]
[21:59:08] [Server thread/INFO]: [@: Teleported BACONWRAP to 1553.5, 35.0, 2000.5]
[21:59:08] [Server thread/ERROR]: Block at -2,019, 63, -2,011 is Block{minecraft:barrier} but has net.minecraft.server.v1_15_R1.TileEntityHopper@4f1dc201. Bukkit will attempt to fix this, but there may be additional damage that we cannot recover.
[21:59:08] [Server thread/ERROR]: Block at -2,020, 63, -2,011 is Block{minecraft:barrier} but has net.minecraft.server.v1_15_R1.TileEntityHopper@65b9a128. Bukkit will attempt to fix this, but there may be additional damage that we cannot recover.
[21:59:08] [Server thread/INFO]: [@: Successfully cloned 2 blocks]
[21:59:10] [Server thread/INFO]: Fisherswamp issued server command: //wand
[21:59:15] [Server thread/INFO]: BACONWRAP issued server command: /team empty red
[21:59:15] [Server thread/INFO]: [BACONWRAP: Removed 1 members from team [Red]]
[21:59:19] [Server thread/INFO]: [@: Set the time to 6000]
[21:59:26] [Server thread/INFO]: Fisherswamp issued server command: //cut
[21:59:29] [Server thread/INFO]: Fisherswamp issued server command: //paste
[21:59:36] [Server thread/INFO]: [@: Set the time to 6000]
[21:59:37] [Server thread/INFO]: BACONWRAP issued server command: /scoreboard players set @a deaths 0
[21:59:37] [Server thread/INFO]: [BACONWRAP: Set [Deaths] for 2 entities to 0]
[21:59:48] [Server thread/INFO]: BACONWRAP issued server command: /tp 1000 60 1000
[21:59:48] [Server thread/INFO]: [BACONWRAP: Teleported BACONWRAP to 1000.5, 60.0, 1000.5]
[21:59:53] [Server thread/INFO]: [@: Set the time to 6000]
[22:00:10] [Server thread/INFO]: [@: Set the time to 6000]
[22:00:25] [Server thread/INFO]: [@: Added BACONWRAP to team [Red]]
[22:00:25] [Server thread/INFO]: [@: Successfully cloned 1 blocks]
[22:00:25] [Server thread/INFO]: [@: Set spawn point to -2019, 66, -2015 for BACONWRAP]
[22:00:27] [Server thread/INFO]: [@: Set the time to 6000]
[22:00:31] [Server thread/INFO]: BACONWRAP fell out of the world
[22:00:31] [Server thread/INFO]: [@: Killed BACONWRAP]
[22:00:31] [Server thread/INFO]: [@: Set [Deaths] for 2 entities to 0]
[22:00:43] [Server thread/INFO]: [@: Set the time to 6000]
[22:00:58] [Server thread/INFO]: [@: Teleported BACONWRAP to 1553.5, 35.0, 2000.5]
[22:00:58] [Server thread/ERROR]: Block at -2,019, 63, -2,011 is Block{minecraft:barrier} but has net.minecraft.server.v1_15_R1.TileEntityHopper@4d15d875. Bukkit will attempt to fix this, but there may be additional damage that we cannot recover.
[22:00:58] [Server thread/ERROR]: Block at -2,020, 63, -2,011 is Block{minecraft:barrier} but has net.minecraft.server.v1_15_R1.TileEntityHopper@43776665. Bukkit will attempt to fix this, but there may be additional damage that we cannot recover.
[22:00:58] [Server thread/INFO]: [@: Successfully cloned 2 blocks]
[22:01:00] [Server thread/INFO]: [@: Set the time to 6000]
[22:01:01] [Server thread/INFO]: Fisherswamp issued server command: //paste
[22:01:15] [Server thread/INFO]: BACONWRAP issued server command: /kill
[22:01:15] [Server thread/INFO]: BACONWRAP fell out of the world
[22:01:16] [Server thread/INFO]: [BACONWRAP: Killed BACONWRAP]
[22:01:17] [Server thread/INFO]: [@: Set the time to 6000]
[22:01:17] [Server thread/INFO]: [@: Gave 1 [Stone Sword] to BACONWRAP]
[22:01:17] [Server thread/INFO]: [@: Replaced a slot on BACONWRAP with [Leather Cap]]
[22:01:17] [Server thread/INFO]: [@: Replaced a slot on BACONWRAP with [Leather Tunic]]
[22:01:17] [Server thread/INFO]: [@: Replaced a slot on BACONWRAP with [Leather Pants]]
[22:01:17] [Server thread/INFO]: [@: Replaced a slot on BACONWRAP with [Leather Boots]]
[22:01:34] [Server thread/INFO]: [@: Set the time to 6000]
[22:01:43] [Server thread/INFO]: [@: Teleported Fisherswamp to 1553.5, 35.0, 2000.5]
[22:01:43] [Server thread/ERROR]: Block at -2,019, 63, -2,011 is Block{minecraft:barrier} but has net.minecraft.server.v1_15_R1.TileEntityHopper@295c9777. Bukkit will attempt to fix this, but there may be additional damage that we cannot recover.
[22:01:43] [Server thread/ERROR]: Block at -2,020, 63, -2,011 is Block{minecraft:barrier} but has net.minecraft.server.v1_15_R1.TileEntityHopper@5e6c7080. Bukkit will attempt to fix this, but there may be additional damage that we cannot recover.
[22:01:43] [Server thread/INFO]: [@: Successfully cloned 2 blocks]
[22:01:46] [Server thread/INFO]: Fisherswamp issued server command: /tp BACONWRAP
[22:01:46] [Server thread/INFO]: [Fisherswamp: Teleported Fisherswamp to BACONWRAP]
[22:01:51] [Server thread/INFO]: [@: Set the time to 6000]
[22:02:07] [Server thread/INFO]: [@: Set the time to 6000]
[22:02:19] [Server thread/INFO]: Fisherswamp issued server command: /gamemode survival @a
[22:02:19] [Server thread/INFO]: [Fisherswamp: Set own game mode to Survival Mode]
[22:02:19] [Server thread/INFO]: [Fisherswamp: Set BACONWRAP's game mode to Survival Mode]
[22:02:23] [Server thread/INFO]: Fisherswamp issued server command: /gamemode creative
[22:02:23] [Server thread/INFO]: [Fisherswamp: Set own game mode to Creative Mode]
[22:02:24] [Server thread/INFO]: [@: Set the time to 6000]
[22:02:41] [Server thread/INFO]: [@: Set the time to 6000]
[22:02:58] [Server thread/INFO]: [@: Set the time to 6000]
[22:03:15] [Server thread/INFO]: [@: Set the time to 6000]
[22:03:31] [Server thread/INFO]: [@: Set the time to 6000]
[22:03:37] [Server thread/INFO]: BACONWRAP issued server command: /tp 1000 60 1000
[22:03:37] [Server thread/INFO]: [BACONWRAP: Teleported BACONWRAP to 1000.5, 60.0, 1000.5]
[22:03:38] [Server thread/INFO]: BACONWRAP fell from a high place
[22:03:48] [Server thread/INFO]: [@: Set the time to 6000]
[22:04:05] [Server thread/INFO]: [@: Set the time to 6000]
[22:04:22] [Server thread/INFO]: [@: Set the time to 6000]
[22:04:39] [Server thread/INFO]: [@: Set the time to 6000]
[22:04:55] [Server thread/INFO]: [@: Set the time to 6000]
[22:05:09] [Server thread/INFO]: [@: Gave 1 [Stone Sword] to Fisherswamp]
[22:05:09] [Server thread/INFO]: [@: Replaced a slot on Fisherswamp with [Leather Cap]]
[22:05:09] [Server thread/INFO]: [@: Replaced a slot on Fisherswamp with [Leather Tunic]]
[22:05:09] [Server thread/INFO]: [@: Replaced a slot on Fisherswamp with [Leather Pants]]
[22:05:09] [Server thread/INFO]: [@: Replaced a slot on Fisherswamp with [Leather Boots]]
[22:05:09] [Server thread/INFO]: [@: Gave 1 [Stone Axe] to Fisherswamp]
[22:05:09] [Server thread/INFO]: [@: Gave 1 [Stone Shovel] to Fisherswamp]
[22:05:09] [Server thread/INFO]: Fisherswamp has made the advancement [Getting an Upgrade]
[22:05:09] [Server thread/INFO]: [@: Gave 1 [Stone Pickaxe] to Fisherswamp]
[22:05:09] [Server thread/INFO]: [@: Gave 640 [Red Concrete] to Fisherswamp]
[22:05:12] [Server thread/INFO]: [@: Set the time to 6000]
[22:05:29] [Server thread/INFO]: [@: Set the time to 6000]
[22:05:35] [Server thread/INFO]: [@: Teleported Fisherswamp to 1553.5, 35.0, 2000.5]
[22:05:35] [Server thread/ERROR]: Block at -2,019, 63, -2,011 is Block{minecraft:barrier} but has net.minecraft.server.v1_15_R1.TileEntityHopper@58dfadee. Bukkit will attempt to fix this, but there may be additional damage that we cannot recover.
[22:05:35] [Server thread/ERROR]: Block at -2,020, 63, -2,011 is Block{minecraft:barrier} but has net.minecraft.server.v1_15_R1.TileEntityHopper@2f094171. Bukkit will attempt to fix this, but there may be additional damage that we cannot recover.
[22:05:35] [Server thread/INFO]: [@: Successfully cloned 2 blocks]
[22:05:42] [Server thread/INFO]: Fisherswamp issued server command: /tp -2019 68 -2013
[22:05:42] [Server thread/INFO]: [Fisherswamp: Teleported Fisherswamp to -2018.5, 68.0, -2012.5]
[22:05:46] [Server thread/INFO]: [@: Set the time to 6000]
[22:06:03] [Server thread/INFO]: [@: Set the time to 6000]
[22:06:07] [Server thread/INFO]: Fisherswamp issued server command: //copy
[22:06:19] [Server thread/INFO]: [@: Set the time to 6000]
[22:06:20] [Server thread/INFO]: Fisherswamp issued server command: //paste
[22:06:30] [Server thread/INFO]: Fisherswamp issued server command: //paste
[22:06:36] [Server thread/INFO]: [@: Set the time to 6000]
[22:06:37] [Server thread/INFO]: Fisherswamp issued server command: //paste
[22:06:43] [Server thread/INFO]: [@: Gave 1 [Stone Sword] to BACONWRAP]
[22:06:43] [Server thread/INFO]: [@: Replaced a slot on BACONWRAP with [Leather Cap]]
[22:06:43] [Server thread/INFO]: [@: Replaced a slot on BACONWRAP with [Leather Tunic]]
[22:06:43] [Server thread/INFO]: [@: Replaced a slot on BACONWRAP with [Leather Pants]]
[22:06:43] [Server thread/INFO]: [@: Replaced a slot on BACONWRAP with [Leather Boots]]
[22:06:43] [Server thread/INFO]: [@: Gave 1 [Stone Axe] to BACONWRAP]
[22:06:43] [Server thread/INFO]: [@: Gave 1 [Stone Shovel] to BACONWRAP]
[22:06:43] [Server thread/INFO]: BACONWRAP has made the advancement [Getting an Upgrade]
[22:06:43] [Server thread/INFO]: [@: Gave 1 [Stone Pickaxe] to BACONWRAP]
[22:06:43] [Server thread/INFO]: [@: Gave 640 [Red Concrete] to BACONWRAP]
[22:06:45] [Server thread/INFO]: Fisherswamp issued server command: //paste
[22:06:53] [Server thread/INFO]: [@: Set the time to 6000]
[22:07:09] [Server thread/INFO]: [@: Teleported BACONWRAP to 1553.5, 35.0, 2000.5]
[22:07:09] [Server thread/ERROR]: Block at -2,019, 63, -2,011 is Block{minecraft:barrier} but has net.minecraft.server.v1_15_R1.TileEntityHopper@3067be3. Bukkit will attempt to fix this, but there may be additional damage that we cannot recover.
[22:07:09] [Server thread/ERROR]: Block at -2,020, 63, -2,011 is Block{minecraft:barrier} but has net.minecraft.server.v1_15_R1.TileEntityHopper@5e56ee10. Bukkit will attempt to fix this, but there may be additional damage that we cannot recover.
[22:07:09] [Server thread/INFO]: [@: Successfully cloned 2 blocks]
[22:07:10] [Server thread/INFO]: [@: Set the time to 6000]
[22:07:27] [Server thread/INFO]: [@: Set the time to 6000]
[22:07:43] [Server thread/INFO]: [@: Set the time to 6000]
[22:08:00] [Server thread/INFO]: [@: Set the time to 6000]
[22:08:08] [Server thread/INFO]: BACONWRAP issued server command: /tp 1000 60 1000
[22:08:08] [Server thread/INFO]: [BACONWRAP: Teleported BACONWRAP to 1000.5, 60.0, 1000.5]
[22:08:17] [Server thread/INFO]: [@: Set the time to 6000]
[22:08:18] [Server thread/INFO]: BACONWRAP issued server command: /gamemode creative
[22:08:18] [Server thread/INFO]: [BACONWRAP: Set own game mode to Creative Mode]
[22:08:34] [Server thread/INFO]: [@: Set the time to 6000]
[22:08:44] [Server thread/INFO]: Fisherswamp issued server command: //copy
[22:08:51] [Server thread/INFO]: [@: Set the time to 6000]
[22:08:51] [Server thread/INFO]: Fisherswamp issued server command: //paste
[22:08:57] [Server thread/INFO]: Fisherswamp issued server command: //paste
[22:09:02] [Server thread/INFO]: Fisherswamp issued server command: //paste
[22:09:07] [Server thread/INFO]: [@: Set the time to 6000]
[22:09:09] [Server thread/INFO]: [@: Added BACONWRAP to team [Blue]]
[22:09:09] [Server thread/INFO]: [@: Successfully cloned 1 blocks]
[22:09:09] [Server thread/INFO]: [@: Set spawn point to -2019, 133, -2015 for BACONWRAP]
[22:09:11] [Server thread/INFO]: BACONWRAP fell out of the world
[22:09:11] [Server thread/INFO]: [@: Killed BACONWRAP]
[22:09:11] [Server thread/INFO]: [@: Set [Deaths] for 2 entities to 0]
[22:09:13] [Server thread/INFO]: [@: Gave 1 [Stone Sword] to BACONWRAP]
[22:09:13] [Server thread/INFO]: [@: Replaced a slot on BACONWRAP with [Leather Cap]]
[22:09:13] [Server thread/INFO]: [@: Replaced a slot on BACONWRAP with [Leather Tunic]]
[22:09:13] [Server thread/INFO]: [@: Replaced a slot on BACONWRAP with [Leather Pants]]
[22:09:13] [Server thread/INFO]: [@: Replaced a slot on BACONWRAP with [Leather Boots]]
[22:09:13] [Server thread/INFO]: [@: Gave 1 [Stone Axe] to BACONWRAP]
[22:09:13] [Server thread/INFO]: [@: Gave 1 [Stone Shovel] to BACONWRAP]
[22:09:13] [Server thread/INFO]: [@: Gave 1 [Stone Pickaxe] to BACONWRAP]
[22:09:13] [Server thread/INFO]: [@: Gave 640 [Blue Concrete] to BACONWRAP]
[22:09:23] [Server thread/INFO]: BACONWRAP lost connection: Disconnected
[22:09:23] [Server thread/INFO]: BACONWRAP left the game
[22:09:24] [Server thread/INFO]: [@: Set the time to 6000]
[22:09:39] [Server thread/INFO]: [@: Teleported Fisherswamp to 2498.5, 38.0, 2001.5]
[22:09:39] [Server thread/ERROR]: Block at -2,019, 130, -2,011 is Block{minecraft:barrier} but has net.minecraft.server.v1_15_R1.TileEntityHopper@49141c2a. Bukkit will attempt to fix this, but there may be additional damage that we cannot recover.
[22:09:39] [Server thread/ERROR]: Block at -2,020, 130, -2,011 is Block{minecraft:barrier} but has net.minecraft.server.v1_15_R1.TileEntityHopper@1ad8ad55. Bukkit will attempt to fix this, but there may be additional damage that we cannot recover.
[22:09:39] [Server thread/INFO]: [@: Successfully cloned 2 blocks]
[22:09:41] [Server thread/INFO]: [@: Set the time to 6000]
[22:09:48] [User Authenticator #3/INFO]: UUID of player BACONWRAP is 095ed8e7-c12a-4520-bb9a-23b1e46c7ede
[22:09:48] [Server thread/INFO]: BACONWRAP[/98.26.57.181:62952] logged in with entity id 183 at ([world]-2018.5, 133.0, -2014.5)
[22:09:48] [Server thread/INFO]: [@: Gave 1 [Stone Sword] to BACONWRAP]
[22:09:48] [Server thread/INFO]: [@: Replaced a slot on BACONWRAP with [Leather Cap]]
[22:09:48] [Server thread/INFO]: [@: Replaced a slot on BACONWRAP with [Leather Tunic]]
[22:09:48] [Server thread/INFO]: [@: Replaced a slot on BACONWRAP with [Leather Pants]]
[22:09:48] [Server thread/INFO]: [@: Replaced a slot on BACONWRAP with [Leather Boots]]
[22:09:48] [Server thread/INFO]: [@: Gave 1 [Stone Axe] to BACONWRAP]
[22:09:48] [Server thread/INFO]: [@: Gave 1 [Stone Shovel] to BACONWRAP]
[22:09:48] [Server thread/INFO]: [@: Gave 1 [Stone Pickaxe] to BACONWRAP]
[22:09:48] [Server thread/INFO]: [@: Gave 640 [Blue Concrete] to BACONWRAP]
[22:09:54] [Server thread/INFO]: BACONWRAP lost connection: Disconnected
[22:09:54] [Server thread/INFO]: BACONWRAP left the game
[22:09:56] [User Authenticator #4/INFO]: UUID of player BACONWRAP is 095ed8e7-c12a-4520-bb9a-23b1e46c7ede
[22:09:56] [Server thread/INFO]: BACONWRAP[/98.26.57.181:62956] logged in with entity id 198 at ([world]-2018.5, 133.0, -2014.5)
[22:09:56] [Server thread/INFO]: [@: Gave 1 [Stone Sword] to BACONWRAP]
[22:09:56] [Server thread/INFO]: [@: Replaced a slot on BACONWRAP with [Leather Cap]]
[22:09:56] [Server thread/INFO]: [@: Replaced a slot on BACONWRAP with [Leather Tunic]]
[22:09:56] [Server thread/INFO]: [@: Replaced a slot on BACONWRAP with [Leather Pants]]
[22:09:56] [Server thread/INFO]: [@: Replaced a slot on BACONWRAP with [Leather Boots]]
[22:09:56] [Server thread/INFO]: [@: Gave 1 [Stone Axe] to BACONWRAP]
[22:09:56] [Server thread/INFO]: [@: Gave 1 [Stone Shovel] to BACONWRAP]
[22:09:56] [Server thread/INFO]: [@: Gave 1 [Stone Pickaxe] to BACONWRAP]
[22:09:56] [Server thread/INFO]: [@: Gave 640 [Blue Concrete] to BACONWRAP]
[22:09:57] [Server thread/INFO]: BACONWRAP lost connection: Disconnected
[22:09:57] [Server thread/INFO]: BACONWRAP left the game
[22:09:58] [Server thread/INFO]: [@: Set the time to 6000]
[22:10:10] [User Authenticator #5/INFO]: UUID of player BACONWRAP is 095ed8e7-c12a-4520-bb9a-23b1e46c7ede
[22:10:10] [Server thread/INFO]: BACONWRAP[/98.26.57.181:62963] logged in with entity id 213 at ([world]-2018.5, 133.0, -2014.5)
[22:10:10] [Server thread/INFO]: [@: Gave 1 [Stone Sword] to BACONWRAP]
[22:10:10] [Server thread/INFO]: [@: Replaced a slot on BACONWRAP with [Leather Cap]]
[22:10:10] [Server thread/INFO]: [@: Replaced a slot on BACONWRAP with [Leather Tunic]]
[22:10:10] [Server thread/INFO]: [@: Replaced a slot on BACONWRAP with [Leather Pants]]
[22:10:10] [Server thread/INFO]: [@: Replaced a slot on BACONWRAP with [Leather Boots]]
[22:10:10] [Server thread/INFO]: [@: Gave 1 [Stone Axe] to BACONWRAP]
[22:10:10] [Server thread/INFO]: [@: Gave 1 [Stone Shovel] to BACONWRAP]
[22:10:10] [Server thread/INFO]: [@: Gave 1 [Stone Pickaxe] to BACONWRAP]
[22:10:10] [Server thread/INFO]: [@: Gave 640 [Blue Concrete] to BACONWRAP]
[22:10:14] [Server thread/INFO]: [@: Teleported BACONWRAP to 2498.5, 38.0, 2001.5]
[22:10:14] [Server thread/ERROR]: Block at -2,019, 130, -2,011 is Block{minecraft:barrier} but has net.minecraft.server.v1_15_R1.TileEntityHopper@309ddb8f. Bukkit will attempt to fix this, but there may be additional damage that we cannot recover.
[22:10:14] [Server thread/ERROR]: Block at -2,020, 130, -2,011 is Block{minecraft:barrier} but has net.minecraft.server.v1_15_R1.TileEntityHopper@3bbe091c. Bukkit will attempt to fix this, but there may be additional damage that we cannot recover.
[22:10:14] [Server thread/INFO]: [@: Successfully cloned 2 blocks]
[22:10:14] [Server thread/INFO]: [@: Teleported Fisherswamp to 2498.5, 38.0, 2001.5]
[22:10:14] [Server thread/ERROR]: Block at -2,019, 130, -2,011 is Block{minecraft:barrier} but has net.minecraft.server.v1_15_R1.TileEntityHopper@2daa8f4. Bukkit will attempt to fix this, but there may be additional damage that we cannot recover.
[22:10:14] [Server thread/ERROR]: Block at -2,020, 130, -2,011 is Block{minecraft:barrier} but has net.minecraft.server.v1_15_R1.TileEntityHopper@4c625a96. Bukkit will attempt to fix this, but there may be additional damage that we cannot recover.
[22:10:14] [Server thread/INFO]: [@: Successfully cloned 2 blocks]
[22:10:15] [Server thread/INFO]: [@: Set the time to 6000]
[22:10:15] [Server thread/INFO]: [@: Teleported Fisherswamp to 2498.5, 38.0, 2001.5]
[22:10:15] [Server thread/ERROR]: Block at -2,019, 130, -2,011 is Block{minecraft:barrier} but has net.minecraft.server.v1_15_R1.TileEntityHopper@a9e0d84. Bukkit will attempt to fix this, but there may be additional damage that we cannot recover.
[22:10:15] [Server thread/ERROR]: Block at -2,020, 130, -2,011 is Block{minecraft:barrier} but has net.minecraft.server.v1_15_R1.TileEntityHopper@7aa00e40. Bukkit will attempt to fix this, but there may be additional damage that we cannot recover.
[22:10:15] [Server thread/INFO]: [@: Successfully cloned 2 blocks]
[22:10:15] [Server thread/INFO]: [@: Teleported Fisherswamp to 2498.5, 38.0, 2001.5]
[22:10:15] [Server thread/ERROR]: Block at -2,019, 130, -2,011 is Block{minecraft:barrier} but has net.minecraft.server.v1_15_R1.TileEntityHopper@3cdf922. Bukkit will attempt to fix this, but there may be additional damage that we cannot recover.
[22:10:15] [Server thread/ERROR]: Block at -2,020, 130, -2,011 is Block{minecraft:barrier} but has net.minecraft.server.v1_15_R1.TileEntityHopper@79e53515. Bukkit will attempt to fix this, but there may be additional damage that we cannot recover.
[22:10:15] [Server thread/INFO]: [@: Successfully cloned 2 blocks]
[22:10:15] [Server thread/INFO]: [@: Teleported Fisherswamp to 2498.5, 38.0, 2001.5]
[22:10:15] [Server thread/ERROR]: Block at -2,019, 130, -2,011 is Block{minecraft:barrier} but has net.minecraft.server.v1_15_R1.TileEntityHopper@2d550820. Bukkit will attempt to fix this, but there may be additional damage that we cannot recover.
[22:10:15] [Server thread/ERROR]: Block at -2,020, 130, -2,011 is Block{minecraft:barrier} but has net.minecraft.server.v1_15_R1.TileEntityHopper@7d48cd02. Bukkit will attempt to fix this, but there may be additional damage that we cannot recover.
[22:10:15] [Server thread/INFO]: [@: Successfully cloned 2 blocks]
[22:10:16] [Server thread/INFO]: [@: Teleported Fisherswamp to 2498.5, 38.0, 2001.5]
[22:10:16] [Server thread/ERROR]: Block at -2,019, 130, -2,011 is Block{minecraft:barrier} but has net.minecraft.server.v1_15_R1.TileEntityHopper@6dc915b9. Bukkit will attempt to fix this, but there may be additional damage that we cannot recover.
[22:10:16] [Server thread/ERROR]: Block at -2,020, 130, -2,011 is Block{minecraft:barrier} but has net.minecraft.server.v1_15_R1.TileEntityHopper@5652f5df. Bukkit will attempt to fix this, but there may be additional damage that we cannot recover.
[22:10:16] [Server thread/INFO]: [@: Successfully cloned 2 blocks]
[22:10:16] [Server thread/INFO]: [@: Teleported Fisherswamp to 2498.5, 38.0, 2001.5]
[22:10:16] [Server thread/ERROR]: Block at -2,019, 130, -2,011 is Block{minecraft:barrier} but has net.minecraft.server.v1_15_R1.TileEntityHopper@331e7080. Bukkit will attempt to fix this, but there may be additional damage that we cannot recover.
[22:10:16] [Server thread/ERROR]: Block at -2,020, 130, -2,011 is Block{minecraft:barrier} but has net.minecraft.server.v1_15_R1.TileEntityHopper@72239731. Bukkit will attempt to fix this, but there may be additional damage that we cannot recover.
[22:10:16] [Server thread/INFO]: [@: Successfully cloned 2 blocks]
[22:10:17] [Server thread/INFO]: [@: Teleported BACONWRAP to 2498.5, 38.0, 2001.5]
[22:10:17] [Server thread/ERROR]: Block at -2,019, 130, -2,011 is Block{minecraft:barrier} but has net.minecraft.server.v1_15_R1.TileEntityHopper@3bdc0550. Bukkit will attempt to fix this, but there may be additional damage that we cannot recover.
[22:10:17] [Server thread/ERROR]: Block at -2,020, 130, -2,011 is Block{minecraft:barrier} but has net.minecraft.server.v1_15_R1.TileEntityHopper@55289705. Bukkit will attempt to fix this, but there may be additional damage that we cannot recover.
[22:10:17] [Server thread/INFO]: [@: Successfully cloned 2 blocks]
[22:10:30] [Server thread/INFO]: BACONWRAP issued server command: /tp 2000 140 2000
[22:10:30] [Server thread/INFO]: [BACONWRAP: Teleported BACONWRAP to 2000.5, 140.0, 2000.5]
[22:10:31] [Server thread/INFO]: [@: Set the time to 6000]
[22:10:42] [Server thread/INFO]: [@: Teleported BACONWRAP to 2498.5, 38.0, 2001.5]
[22:10:42] [Server thread/ERROR]: Block at -2,019, 130, -2,011 is Block{minecraft:barrier} but has net.minecraft.server.v1_15_R1.TileEntityHopper@5db5ed6. Bukkit will attempt to fix this, but there may be additional damage that we cannot recover.
[22:10:42] [Server thread/ERROR]: Block at -2,020, 130, -2,011 is Block{minecraft:barrier} but has net.minecraft.server.v1_15_R1.TileEntityHopper@1b56b0f2. Bukkit will attempt to fix this, but there may be additional damage that we cannot recover.
[22:10:42] [Server thread/INFO]: [@: Successfully cloned 2 blocks]
[22:10:46] [Server thread/INFO]: BACONWRAP issued server command: /tp 2000 140 2000
[22:10:46] [Server thread/INFO]: [BACONWRAP: Teleported BACONWRAP to 2000.5, 140.0, 2000.5]
[22:10:48] [Server thread/INFO]: [@: Set the time to 6000]
[22:11:05] [Server thread/INFO]: [@: Set the time to 6000]
[22:11:22] [Server thread/INFO]: [@: Set the time to 6000]
[22:11:22] [Server thread/INFO]: Fisherswamp issued server command: /jumpto
[22:11:25] [Server thread/INFO]: Fisherswamp issued server command: /jumpto
[22:11:27] [Server thread/INFO]: Fisherswamp issued server command: /jumpto
[22:11:31] [Server thread/INFO]: BACONWRAP issued server command: /tp 1000 70 1000
[22:11:31] [Server thread/INFO]: [BACONWRAP: Teleported BACONWRAP to 1000.5, 70.0, 1000.5]
[22:11:39] [Server thread/INFO]: [@: Set the time to 6000]
[22:11:55] [Server thread/INFO]: [@: Set the time to 6000]
[22:12:12] [Server thread/INFO]: [@: Set the time to 6000]
[22:12:29] [Server thread/INFO]: [@: Set the time to 6000]
[22:12:30] [Server thread/INFO]: BACONWRAP issued server command: /give @r minecraft:command_block
[22:12:30] [Server thread/INFO]: [BACONWRAP: Gave 1 [Command Block] to Fisherswamp]
[22:12:37] [Server thread/INFO]: BACONWRAP issued server command: /give @r minecraft:command_block
[22:12:37] [Server thread/INFO]: [BACONWRAP: Gave 1 [Command Block] to BACONWRAP]
[22:12:46] [Server thread/INFO]: [@: Set the time to 6000]
[22:13:03] [Server thread/INFO]: [@: Set the time to 6000]
[22:13:19] [Server thread/INFO]: [@: Set the time to 6000]
[22:13:36] [Server thread/INFO]: [@: Set the time to 6000]
[22:13:53] [Server thread/INFO]: [@: Set the time to 6000]
[22:14:10] [Server thread/INFO]: [@: Set the time to 6000]
[22:14:27] [Server thread/INFO]: [@: Set the time to 6000]
[22:14:43] [Server thread/INFO]: [@: Set the time to 6000]
[22:15:00] [Server thread/INFO]: [@: Set the time to 6000]
[22:15:06] [Server thread/INFO]: Fisherswamp issued server command: /tp 1000 60 1000
[22:15:06] [Server thread/INFO]: [Fisherswamp: Teleported Fisherswamp to 1000.5, 60.0, 1000.5]
[22:15:17] [Server thread/INFO]: [@: Set the time to 6000]
[22:15:24] [Server thread/INFO]: Fisherswamp issued server command: /tp 2000 80 2000
[22:15:24] [Server thread/INFO]: [Fisherswamp: Teleported Fisherswamp to 2000.5, 80.0, 2000.5]
[22:15:34] [Server thread/INFO]: [@: Set the time to 6000]
[22:15:44] [Server thread/INFO]: Fisherswamp issued server command: //cut
[22:15:48] [Server thread/INFO]: Fisherswamp issued server command: //up 50
[22:15:51] [Server thread/INFO]: Fisherswamp issued server command: /up 50
[22:15:53] [Server thread/INFO]: Fisherswamp issued server command: //paste
[22:16:00] [Server thread/INFO]: [@: Set the time to 6000]
[22:16:17] [Server thread/INFO]: [@: Set the time to 6000]
[22:16:32] [Server thread/INFO]: Fisherswamp issued server command: //set air
[22:16:33] [Server thread/INFO]: [@: Teleported BACONWRAP to 2023.5, 155.0, 2002.5]
[22:16:33] [Server thread/INFO]: [@: Set the time to 6000]
[22:16:50] [Server thread/INFO]: [@: Set the time to 6000]
[22:17:01] [Server thread/INFO]: Fisherswamp issued server command: /tp 1000 55 1000
[22:17:01] [Server thread/INFO]: [Fisherswamp: Teleported Fisherswamp to 1000.5, 55.0, 1000.5]
[22:17:07] [Server thread/INFO]: [@: Set the time to 6000]
[22:17:24] [Server thread/INFO]: [@: Set the time to 6000]
[22:17:41] [Server thread/INFO]: [@: Set the time to 6000]
[22:17:42] [Server thread/INFO]: Fisherswamp lost connection: Disconnected
[22:17:42] [Server thread/INFO]: Fisherswamp left the game
[22:17:46] [Server thread/INFO]: BACONWRAP lost connection: Disconnected
[22:17:46] [Server thread/INFO]: BACONWRAP left the game
[22:17:57] [Server thread/INFO]: [@: Set the time to 6000]
[22:18:08] [Server thread/INFO]: Stopping the server
[22:18:08] [Server thread/INFO]: Stopping server
[22:18:08] [Server thread/INFO]: [Vault] Disabling Vault v1.7.2-b107
[22:18:08] [Server thread/INFO]: WEPIF: Vault detected! Using Vault for permissions
[22:18:08] [Server thread/INFO]: [UberEnchant] Disabling UberEnchant v8.9.1
[22:18:08] [Server thread/INFO]: [WorldEdit] Disabling WorldEdit v7.1.0;8e55131
[22:18:08] [Server thread/INFO]: Unregistering com.sk89q.worldedit.bukkit.BukkitServerInterface from WorldEdit
[22:18:08] [Server thread/INFO]: Saving players
[22:18:08] [Server thread/INFO]: Saving worlds
[22:18:08] [Server thread/INFO]: Saving chunks for level 'world'/minecraft:overworld
[22:18:09] [Server thread/INFO]: ThreadedAnvilChunkStorage (world): All chunks are saved
[22:18:09] [Server thread/INFO]: Saving chunks for level 'world_nether'/minecraft:the_nether
[22:18:09] [Server thread/INFO]: ThreadedAnvilChunkStorage (DIM-1): All chunks are saved
[22:18:09] [Server thread/INFO]: Saving chunks for level 'world_the_end'/minecraft:the_end
[22:18:09] [Server thread/INFO]: ThreadedAnvilChunkStorage (DIM1): All chunks are saved
[22:18:09] [Server thread/INFO]: ThreadedAnvilChunkStorage (world): All chunks are saved
[22:18:10] [Server thread/INFO]: ThreadedAnvilChunkStorage (DIM-1): All chunks are saved
[22:18:11] [Server thread/INFO]: ThreadedAnvilChunkStorage (DIM1): All chunks are saved
